[INFO] Scanning for projects...
[INFO]                                                                         
[INFO] ------------------------------------------------------------------------
[INFO] Building harvestedSNSAngelGuard 1.0
[INFO] ------------------------------------------------------------------------
[INFO] 
[INFO] --- maven-clean-plugin:2.4.1:clean (default-clean) @ harvestedSNSAngelGuard ---
[INFO] Deleting /Users/josejavierblecuadepedro1/Documents/WS_SNSANGELGUARDFB/harvestedSNSAngelGuard/target
[INFO] 
[INFO] --- maven-dependency-plugin:2.1:copy-dependencies (default-cli) @ harvestedSNSAngelGuard ---
[INFO] Copying junit-3.8.1.jar to /Users/josejavierblecuadepedro1/Documents/WS_SNSANGELGUARDFB/harvestedSNSAngelGuard/target/dependency/junit-3.8.1.jar
[INFO] 
[INFO] --- maven-resources-plugin:2.5:resources (default-resources) @ harvestedSNSAngelGuard ---
[debug] execute contextualize
[WARNING] Using platform encoding (UTF-8 actually) to copy filtered resources, i.e. build is platform dependent!
[INFO] Copying 0 resource
[INFO] 
[INFO] --- maven-compiler-plugin:2.3.2:compile (default-compile) @ harvestedSNSAngelGuard ---
[WARNING] File encoding has not been set, using platform encoding UTF-8, i.e. build is platform dependent!
[INFO] Compiling 1 source file to /Users/josejavierblecuadepedro1/Documents/WS_SNSANGELGUARDFB/harvestedSNSAngelGuard/target/classes
[INFO] 
[INFO] --- maven-resources-plugin:2.5:testResources (default-testResources) @ harvestedSNSAngelGuard ---
[debug] execute contextualize
[WARNING] Using platform encoding (UTF-8 actually) to copy filtered resources, i.e. build is platform dependent!
[INFO] skip non existing resourceDirectory /Users/josejavierblecuadepedro1/Documents/WS_SNSANGELGUARDFB/harvestedSNSAngelGuard/src/test/resources
[INFO] 
[INFO] --- maven-compiler-plugin:2.3.2:testCompile (default-testCompile) @ harvestedSNSAngelGuard ---
[WARNING] File encoding has not been set, using platform encoding UTF-8, i.e. build is platform dependent!
[INFO] Compiling 1 source file to /Users/josejavierblecuadepedro1/Documents/WS_SNSANGELGUARDFB/harvestedSNSAngelGuard/target/test-classes
[INFO] 
[INFO] --- maven-surefire-plugin:2.10:test (default-test) @ harvestedSNSAngelGuard ---
[INFO] Surefire report directory: /Users/josejavierblecuadepedro1/Documents/WS_SNSANGELGUARDFB/harvestedSNSAngelGuard/target/surefire-reports

-------------------------------------------------------
 T E S T S
-------------------------------------------------------
Running com.mycompany.harvestedsnsangelguard.AppTest
Tests run: 1, Failures: 0, Errors: 0, Skipped: 0, Time elapsed: 0.01 sec

Results :

Tests run: 1, Failures: 0, Errors: 0, Skipped: 0

[INFO] 
[INFO] --- maven-jar-plugin:2.3.2:jar (default-jar) @ harvestedSNSAngelGuard ---
[INFO] Building jar: /Users/josejavierblecuadepedro1/Documents/WS_SNSANGELGUARDFB/harvestedSNSAngelGuard/target/harvestedSNSAngelGuard.jar
[INFO] ------------------------------------------------------------------------
[INFO] BUILD SUCCESS
[INFO] ------------------------------------------------------------------------
[INFO] Total time: 2.166s
[INFO] Finished at: Sun Jun 02 13:35:41 CEST 2013
[INFO] Final Memory: 19M/218M
[INFO] ------------------------------------------------------------------------
[INFO] Scanning for projects...
[INFO]                                                                         
[INFO] ------------------------------------------------------------------------
[INFO] Building harvestedSNSAngelGuard 1.0
[INFO] ------------------------------------------------------------------------
[INFO] 
[INFO] >>> exec-maven-plugin:1.2.1:java (default-cli) @ harvestedSNSAngelGuard >>>
[INFO] 
[INFO] <<< exec-maven-plugin:1.2.1:java (default-cli) @ harvestedSNSAngelGuard <<<
[INFO] 
[INFO] --- exec-maven-plugin:1.2.1:java (default-cli) @ harvestedSNSAngelGuard ---
[INFO] ------------------------------------------------------------------------
[INFO] BUILD SUCCESS
[INFO] ------------------------------------------------------------------------
[INFO] Total time: 1:18.076s
[INFO] Finished at: Sun Jun 02 13:37:01 CEST 2013
[INFO] Final Memory: 7M/152M
[INFO] ------------------------------------------------------------------------
